bigCConnect/build/outputs/logs/manifest-merger-release-report.txt
-- Merging decision tree log ---
manifest
ADDED from src\main\AndroidManifest.xml:2:1-210:12
	package
		ADDED from src\main\AndroidManifest.xml:3:5-31
		INJECTED from src\main\AndroidManifest.xml
		INJECTED from src\main\AndroidManifest.xml
	android:versionName
		ADDED from src\main\AndroidManifest.xml:5:5-30
		INJECTED from src\main\AndroidManifest.xml
		INJECTED from src\main\AndroidManifest.xml
	android:versionCode
		ADDED from src\main\AndroidManifest.xml:4:5-29
		INJECTED from src\main\AndroidManifest.xml
		INJECTED from src\main\AndroidManifest.xml
	xmlns:android
		ADDED from src\main\AndroidManifest.xml:2:11-69
uses-sdk
ADDED from src\main\AndroidManifest.xml:7:5-9:41
MERGED from [com.android.support:multidex:1.0.1] AndroidManifest.xml:18:5-42
MERGED from [BigCConnect:loadMoreListView:unspecified] AndroidManifest.xml:7:5-9:41
MERGED from [BigCConnect:gmailChipsLibrary:unspecified] AndroidManifest.xml:6:5-8:41
MERGED from [com.mopub:mopub-sdk-native-static:4.10.0] AndroidManifest.xml:7:5-9:41
MERGED from [com.android.support:support-v4:24.1.1] AndroidManifest.xml:21:5-23:54
MERGED from [com.mopub:mopub-sdk-base:4.10.0] AndroidManifest.xml:7:5-9:41
MERGED from [com.android.support:support-v4:24.1.1] AndroidManifest.xml:21:5-23:54
MERGED from [com.android.support:recyclerview-v7:23.1.1] AndroidManifest.xml:20:5-43
MERGED from [com.android.support:support-v4:24.1.1] AndroidManifest.xml:21:5-23:54
MERGED from [com.github.JakeWharton:ViewPagerIndicator:2.4.1] AndroidManifest.xml:7:5-9:41
MERGED from [com.google.firebase:firebase-core:9.6.0] AndroidManifest.xml:4:5-42
MERGED from [com.google.firebase:firebase-analytics:9.6.0] AndroidManifest.xml:17:5-42
MERGED from [com.google.android.gms:play-services-basement:9.6.0] AndroidManifest.xml:17:5-42
MERGED from [com.android.support:support-v4:24.1.1] AndroidManifest.xml:21:5-23:54
MERGED from [com.google.firebase:firebase-common:9.6.0] AndroidManifest.xml:3:5-42
MERGED from [com.google.android.gms:play-services-basement:9.6.0] AndroidManifest.xml:17:5-42
MERGED from [com.android.support:support-v4:24.1.1] AndroidManifest.xml:21:5-23:54
MERGED from [com.google.android.gms:play-services-tasks:9.6.0] AndroidManifest.xml:3:5-42
MERGED from [com.google.android.gms:play-services-basement:9.6.0] AndroidManifest.xml:17:5-42
MERGED from [com.android.support:support-v4:24.1.1] AndroidManifest.xml:21:5-23:54
MERGED from [com.google.firebase:firebase-analytics-impl:9.6.0] AndroidManifest.xml:17:5-42
MERGED from [com.google.android.gms:play-services-basement:9.6.0] AndroidManifest.xml:17:5-42
MERGED from [com.android.support:support-v4:24.1.1] AndroidManifest.xml:21:5-23:54
MERGED from [com.google.firebase:firebase-iid:9.6.0] AndroidManifest.xml:17:5-42
MERGED from [com.google.android.gms:play-services-basement:9.6.0] AndroidManifest.xml:17:5-42
MERGED from [com.android.support:support-v4:24.1.1] AndroidManifest.xml:21:5-23:54
MERGED from [com.google.firebase:firebase-common:9.6.0] AndroidManifest.xml:3:5-42
MERGED from [com.google.android.gms:play-services-basement:9.6.0] AndroidManifest.xml:17:5-42
MERGED from [com.android.support:support-v4:24.1.1] AndroidManifest.xml:21:5-23:54
MERGED from [com.google.android.gms:play-services-tasks:9.6.0] AndroidManifest.xml:3:5-42
MERGED from [com.google.android.gms:play-services-basement:9.6.0] AndroidManifest.xml:17:5-42
MERGED from [com.android.support:support-v4:24.1.1] AndroidManifest.xml:21:5-23:54
MERGED from [com.google.firebase:firebase-common:9.6.0] AndroidManifest.xml:3:5-42
MERGED from [com.google.android.gms:play-services-basement:9.6.0] AndroidManifest.xml:17:5-42
MERGED from [com.android.support:support-v4:24.1.1] AndroidManifest.xml:21:5-23:54
MERGED from [com.google.android.gms:play-services-tasks:9.6.0] AndroidManifest.xml:3:5-42
MERGED from [com.google.android.gms:play-services-basement:9.6.0] AndroidManifest.xml:17:5-42
MERGED from [com.android.support:support-v4:24.1.1] AndroidManifest.xml:21:5-23:54
MERGED from [com.google.firebase:firebase-storage:9.6.0] AndroidManifest.xml:3:5-42
MERGED from [com.google.android.gms:play-services-basement:9.6.0] AndroidManifest.xml:17:5-42
MERGED from [com.android.support:support-v4:24.1.1] AndroidManifest.xml:21:5-23:54
MERGED from [com.google.firebase:firebase-storage-common:9.6.0] AndroidManifest.xml:3:5-42
MERGED from [com.google.android.gms:play-services-basement:9.6.0] AndroidManifest.xml:17:5-42
MERGED from [com.android.support:support-v4:24.1.1] AndroidManifest.xml:21:5-23:54
MERGED from [com.google.firebase:firebase-common:9.6.0] AndroidManifest.xml:3:5-42
MERGED from [com.google.android.gms:play-services-basement:9.6.0] AndroidManifest.xml:17:5-42
MERGED from [com.android.support:support-v4:24.1.1] AndroidManifest.xml:21:5-23:54
MERGED from [com.google.android.gms:play-services-tasks:9.6.0] AndroidManifest.xml:3:5-42
MERGED from [com.google.android.gms:play-services-basement:9.6.0] AndroidManifest.xml:17:5-42
MERGED from [com.android.support:support-v4:24.1.1] AndroidManifest.xml:21:5-23:54
MERGED from [com.google.android.gms:play-services-tasks:9.6.0] AndroidManifest.xml:3:5-42
MERGED from [com.google.android.gms:play-services-basement:9.6.0] AndroidManifest.xml:17:5-42
MERGED from [com.android.support:support-v4:24.1.1] AndroidManifest.xml:21:5-23:54
MERGED from [com.google.firebase:firebase-database:9.6.0] AndroidManifest.xml:3:5-42
MERGED from [com.google.android.gms:play-services-basement:9.6.0] AndroidManifest.xml:17:5-42
MERGED from [com.android.support:support-v4:24.1.1] AndroidManifest.xml:21:5-23:54
MERGED from [com.google.firebase:firebase-database-connection:9.6.0] AndroidManifest.xml:3:5-42
MERGED from [com.google.android.gms:play-services-basement:9.6.0] AndroidManifest.xml:17:5-42
MERGED from [com.android.support:support-v4:24.1.1] AndroidManifest.xml:21:5-23:54
MERGED from [com.google.firebase:firebase-common:9.6.0] AndroidManifest.xml:3:5-42
MERGED from [com.google.android.gms:play-services-basement:9.6.0] AndroidManifest.xml:17:5-42
MERGED from [com.android.support:support-v4:24.1.1] AndroidManifest.xml:21:5-23:54
MERGED from [com.google.android.gms:play-services-tasks:9.6.0] AndroidManifest.xml:3:5-42
MERGED from [com.google.android.gms:play-services-basement:9.6.0] AndroidManifest.xml:17:5-42
MERGED from [com.android.support:support-v4:24.1.1] AndroidManifest.xml:21:5-23:54
MERGED from [com.google.firebase:firebase-common:9.6.0] AndroidManifest.xml:3:5-42
MERGED from [com.google.android.gms:play-services-basement:9.6.0] AndroidManifest.xml:17:5-42
MERGED from [com.android.support:support-v4:24.1.1] AndroidManifest.xml:21:5-23:54
MERGED from [com.google.android.gms:play-services-tasks:9.6.0] AndroidManifest.xml:3:5-42
MERGED from [com.google.android.gms:play-services-basement:9.6.0] AndroidManifest.xml:17:5-42
MERGED from [com.android.support:support-v4:24.1.1] AndroidManifest.xml:21:5-23:54
MERGED from [com.google.android.gms:play-services-tasks:9.6.0] AndroidManifest.xml:3:5-42
MERGED from [com.google.android.gms:play-services-basement:9.6.0] AndroidManifest.xml:17:5-42
MERGED from [com.android.support:support-v4:24.1.1] AndroidManifest.xml:21:5-23:54
MERGED from [com.google.firebase:firebase-auth:9.6.0] AndroidManifest.xml:17:5-42
MERGED from [com.google.android.gms:play-services-base:9.6.0] AndroidManifest.xml:17:5-42
MERGED from [com.google.android.gms:play-services-basement:9.6.0] AndroidManifest.xml:17:5-42
MERGED from [com.android.support:support-v4:24.1.1] AndroidManifest.xml:21:5-23:54
MERGED from [com.google.android.gms:play-services-tasks:9.6.0] AndroidManifest.xml:3:5-42
MERGED from [com.google.android.gms:play-services-basement:9.6.0] AndroidManifest.xml:17:5-42
MERGED from [com.android.support:support-v4:24.1.1] AndroidManifest.xml:21:5-23:54
MERGED from [com.google.android.gms:play-services-basement:9.6.0] AndroidManifest.xml:17:5-42
MERGED from [com.android.support:support-v4:24.1.1] AndroidManifest.xml:21:5-23:54
MERGED from [com.google.firebase:firebase-auth-common:9.6.0] AndroidManifest.xml:17:5-42
MERGED from [com.google.android.gms:play-services-base:9.6.0] AndroidManifest.xml:17:5-42
MERGED from [com.google.android.gms:play-services-basement:9.6.0] AndroidManifest.xml:17:5-42
MERGED from [com.android.support:support-v4:24.1.1] AndroidManifest.xml:21:5-23:54
MERGED from [com.google.android.gms:play-services-tasks:9.6.0] AndroidManifest.xml:3:5-42
MERGED from [com.google.android.gms:play-services-basement:9.6.0] AndroidManifest.xml:17:5-42
MERGED from [com.android.support:support-v4:24.1.1] AndroidManifest.xml:21:5-23:54
MERGED from [com.google.android.gms:play-services-basement:9.6.0] AndroidManifest.xml:17:5-42
MERGED from [com.android.support:support-v4:24.1.1] AndroidManifest.xml:21:5-23:54
MERGED from [com.google.firebase:firebase-auth-module:9.6.0] AndroidManifest.xml:3:5-42
MERGED from [com.google.android.gms:play-services-base:9.6.0] AndroidManifest.xml:17:5-42
MERGED from [com.google.android.gms:play-services-basement:9.6.0] AndroidManifest.xml:17:5-42
MERGED from [com.android.support:support-v4:24.1.1] AndroidManifest.xml:21:5-23:54
MERGED from [com.google.android.gms:play-services-tasks:9.6.0] AndroidManifest.xml:3:5-42
MERGED from [com.google.android.gms:play-services-basement:9.6.0] AndroidManifest.xml:17:5-42
MERGED from [com.android.support:support-v4:24.1.1] AndroidManifest.xml:21:5-23:54
MERGED from [com.google.android.gms:play-services-basement:9.6.0] AndroidManifest.xml:17:5-42
MERGED from [com.android.support:support-v4:24.1.1] AndroidManifest.xml:21:5-23:54
MERGED from [com.google.firebase:firebase-common:9.6.0] AndroidManifest.xml:3:5-42
MERGED from [com.google.android.gms:play-services-basement:9.6.0] AndroidManifest.xml:17:5-42
MERGED from [com.android.support:support-v4:24.1.1] AndroidManifest.xml:21:5-23:54
MERGED from [com.google.android.gms:play-services-tasks:9.6.0] AndroidManifest.xml:3:5-42
MERGED from [com.google.android.gms:play-services-basement:9.6.0] AndroidManifest.xml:17:5-42
MERGED from [com.android.support:support-v4:24.1.1] AndroidManifest.xml:21:5-23:54
MERGED from [com.google.firebase:firebase-auth-module:9.6.0] AndroidManifest.xml:3:5-42
MERGED from [com.google.android.gms:play-services-base:9.6.0] AndroidManifest.xml:17:5-42
MERGED from [com.google.android.gms:play-services-basement:9.6.0] AndroidManifest.xml:17:5-42
MERGED from [com.android.support:support-v4:24.1.1] AndroidManifest.xml:21:5-23:54
MERGED from [com.google.android.gms:play-services-tasks:9.6.0] AndroidManifest.xml:3:5-42
MERGED from [com.google.android.gms:play-services-basement:9.6.0] AndroidManifest.xml:17:5-42
MERGED from [com.android.support:support-v4:24.1.1] AndroidManifest.xml:21:5-23:54
MERGED from [com.google.android.gms:play-services-basement:9.6.0] AndroidManifest.xml:17:5-42
MERGED from [com.android.support:support-v4:24.1.1] AndroidManifest.xml:21:5-23:54
MERGED from [com.google.firebase:firebase-common:9.6.0] AndroidManifest.xml:3:5-42
MERGED from [com.google.android.gms:play-services-basement:9.6.0] AndroidManifest.xml:17:5-42
MERGED from [com.android.support:support-v4:24.1.1] AndroidManifest.xml:21:5-23:54
MERGED from [com.google.android.gms:play-services-tasks:9.6.0] AndroidManifest.xml:3:5-42
MERGED from [com.google.android.gms:play-services-basement:9.6.0] AndroidManifest.xml:17:5-42
MERGED from [com.android.support:support-v4:24.1.1] AndroidManifest.xml:21:5-23:54
MERGED from [com.google.android.gms:play-services-tasks:9.6.0] AndroidManifest.xml:3:5-42
MERGED from [com.google.android.gms:play-services-basement:9.6.0] AndroidManifest.xml:17:5-42
MERGED from [com.android.support:support-v4:24.1.1] AndroidManifest.xml:21:5-23:54
MERGED from [com.google.firebase:firebase-messaging:9.6.0] AndroidManifest.xml:17:5-42
MERGED from [com.google.android.gms:play-services-basement:9.6.0] AndroidManifest.xml:17:5-42
MERGED from [com.android.support:support-v4:24.1.1] AndroidManifest.xml:21:5-23:54
MERGED from [com.google.firebase:firebase-iid:9.6.0] AndroidManifest.xml:17:5-42
MERGED from [com.google.android.gms:play-services-basement:9.6.0] AndroidManifest.xml:17:5-42
MERGED from [com.android.support:support-v4:24.1.1] AndroidManifest.xml:21:5-23:54
MERGED from [com.google.firebase:firebase-common:9.6.0] AndroidManifest.xml:3:5-42
MERGED from [com.google.android.gms:play-services-basement:9.6.0] AndroidManifest.xml:17:5-42
MERGED from [com.android.support:support-v4:24.1.1] AndroidManifest.xml:21:5-23:54
MERGED from [com.google.android.gms:play-services-tasks:9.6.0] AndroidManifest.xml:3:5-42
MERGED from [com.google.android.gms:play-services-basement:9.6.0] AndroidManifest.xml:17:5-42
MERGED from [com.android.support:support-v4:24.1.1] AndroidManifest.xml:21:5-23:54
MERGED from [com.google.firebase:firebase-common:9.6.0] AndroidManifest.xml:3:5-42
MERGED from [com.google.android.gms:play-services-basement:9.6.0] AndroidManifest.xml:17:5-42
MERGED from [com.android.support:support-v4:24.1.1] AndroidManifest.xml:21:5-23:54
MERGED from [com.google.android.gms:play-services-tasks:9.6.0] AndroidManifest.xml:3:5-42
MERGED from [com.google.android.gms:play-services-basement:9.6.0] AndroidManifest.xml:17:5-42
MERGED from [com.android.support:support-v4:24.1.1] AndroidManifest.xml:21:5-23:54
MERGED from [com.google.android.gms:play-services:9.6.0] AndroidManifest.xml:4:5-42
MERGED from [com.google.android.gms:play-services-ads:9.6.0] AndroidManifest.xml:17:5-42
MERGED from [com.google.android.gms:play-services-ads-lite:9.6.0] AndroidManifest.xml:22:5-42
MERGED from [com.google.android.gms:play-services-basement:9.6.0] AndroidManifest.xml:17:5-42
MERGED from [com.android.support:support-v4:24.1.1] AndroidManifest.xml:21:5-23:54
MERGED from [com.google.android.gms:play-services-base:9.6.0] AndroidManifest.xml:17:5-42
MERGED from [com.google.android.gms:play-services-basement:9.6.0] AndroidManifest.xml:17:5-42
MERGED from [com.android.support:support-v4:24.1.1] AndroidManifest.xml:21:5-23:54
MERGED from [com.google.android.gms:play-services-tasks:9.6.0] AndroidManifest.xml:3:5-42
MERGED from [com.google.android.gms:play-services-basement:9.6.0] AndroidManifest.xml:17:5-42
MERGED from [com.android.support:support-v4:24.1.1] AndroidManifest.xml:21:5-23:54
MERGED from [com.google.android.gms:play-services-clearcut:9.6.0] AndroidManifest.xml:17:5-42
MERGED from [com.google.android.gms:play-services-base:9.6.0] AndroidManifest.xml:17:5-42
MERGED from [com.google.android.gms:play-services-basement:9.6.0] AndroidManifest.xml:17:5-42
MERGED from [com.android.support:support-v4:24.1.1] AndroidManifest.xml:21:5-23:54
MERGED from [com.google.android.gms:play-services-tasks:9.6.0] AndroidManifest.xml:3:5-42
MERGED from [com.google.android.gms:play-services-basement:9.6.0] AndroidManifest.xml:17:5-42
MERGED from [com.android.support:support-v4:24.1.1] AndroidManifest.xml:21:5-23:54
MERGED from [com.google.android.gms:play-services-basement:9.6.0] AndroidManifest.xml:17:5-42
MERGED from [com.android.support:support-v4:24.1.1] AndroidManifest.xml:21:5-23:54
MERGED from [com.google.android.gms:play-services-basement:9.6.0] AndroidManifest.xml:17:5-42
MERGED from [com.android.support:support-v4:24.1.1] AndroidManifest.xml:21:5-23:54
MERGED from [com.google.android.gms:play-services-basement:9.6.0] AndroidManifest.xml:17:5-42
MERGED from [com.android.support:support-v4:24.1.1] AndroidManifest.xml:21:5-23:54
MERGED from [com.google.android.gms:play-services-ads-lite:9.6.0] AndroidManifest.xml:22:5-42
MERGED from [com.google.android.gms:play-services-basement:9.6.0] AndroidManifest.xml:17:5-42
MERGED from [com.android.support:support-v4:24.1.1] AndroidManifest.xml:21:5-23:54
MERGED from [com.google.android.gms:play-services-analytics:9.6.0] AndroidManifest.xml:17:5-42
MERGED from [com.google.android.gms:play-services-analytics-impl:9.6.0] AndroidManifest.xml:17:5-42
MERGED from [com.google.android.gms:play-services-base:9.6.0] AndroidManifest.xml:17:5-42
MERGED from [com.google.android.gms:play-services-basement:9.6.0] AndroidManifest.xml:17:5-42
MERGED from [com.android.support:support-v4:24.1.1] AndroidManifest.xml:21:5-23:54
MERGED from [com.google.android.gms:play-services-tasks:9.6.0] AndroidManifest.xml:3:5-42
MERGED from [com.google.android.gms:play-services-basement:9.6.0] AndroidManifest.xml:17:5-42
MERGED from [com.android.support:support-v4:24.1.1] AndroidManifest.xml:21:5-23:54
MERGED from [com.google.android.gms:play-services-basement:9.6.0] AndroidManifest.xml:17:5-42
MERGED from [com.android.support:support-v4:24.1.1] AndroidManifest.xml:21:5-23:54
MERGED from [com.google.android.gms:play-services-base:9.6.0] AndroidManifest.xml:17:5-42
MERGED from [com.google.android.gms:play-services-basement:9.6.0] AndroidManifest.xml:17:5-42
MERGED from [com.android.support:support-v4:24.1.1] AndroidManifest.xml:21:5-23:54
MERGED from [com.google.android.gms:play-services-tasks:9.6.0] AndroidManifest.xml:3:5-42
MERGED from [com.google.android.gms:play-services-basement:9.6.0] AndroidManifest.xml:17:5-42
MERGED from [com.android.support:support-v4:24.1.1] AndroidManifest.xml:21:5-23:54
MERGED from [com.google.android.gms:play-services-basement:9.6.0] AndroidManifest.xml:17:5-42
MERGED from [com.android.support:support-v4:24.1.1] AndroidManifest.xml:21:5-23:54
MERGED from [com.google.android.gms:play-services-analytics-impl:9.6.0] AndroidManifest.xml:17:5-42
MERGED from [com.google.android.gms:play-services-base:9.6.0] AndroidManifest.xml:17:5-42
MERGED from [com.google.android.gms:play-services-basement:9.6.0] AndroidManifest.xml:17:5-42
MERGED from [com.android.support:support-v4:24.1.1] AndroidManifest.xml:21:5-23:54
MERGED from [com.google.android.gms:play-services-tasks:9.6.0] AndroidManifest.xml:3:5-42
MERGED from [com.google.android.gms:play-services-basement:9.6.0] AndroidManifest.xml:17:5-42
MERGED from [com.android.support:support-v4:24.1.1] AndroidManifest.xml:21:5-23:54
MERGED from [com.google.android.gms:play-services-basement:9.6.0] AndroidManifest.xml:17:5-42
MERGED from [com.android.support:support-v4:24.1.1] AndroidManifest.xml:21:5-23:54
MERGED from [com.google.android.gms:play-services-appinvite:9.6.0] AndroidManifest.xml:17:5-42
MERGED from [com.google.android.gms:play-services-base:9.6.0] AndroidManifest.xml:17:5-42
MERGED from [com.google.android.gms:play-services-basement:9.6.0] AndroidManifest.xml:17:5-42
MERGED from [com.android.support:support-v4:24.1.1] AndroidManifest.xml:21:5-23:54
MERGED from [com.google.android.gms:play-services-tasks:9.6.0] AndroidManifest.xml:3:5-42
MERGED from [com.google.android.gms:play-services-basement:9.6.0] AndroidManifest.xml:17:5-42
MERGED from [com.android.support:support-v4:24.1.1] AndroidManifest.xml:21:5-23:54
MERGED from [com.google.android.gms:play-services-basement:9.6.0] AndroidManifest.xml:17:5-42
MERGED from [com.android.support:support-v4:24.1.1] AndroidManifest.xml:21:5-23:54
MERGED from [com.google.android.gms:play-services-tasks:9.6.0] AndroidManifest.xml:3:5-42
MERGED from [com.google.android.gms:play-services-basement:9.6.0] AndroidManifest.xml:17:5-42
MERGED from [com.android.support:support-v4:24.1.1] AndroidManifest.xml:21:5-23:54
MERGED from [com.google.android.gms:play-services-auth:9.6.0] AndroidManifest.xml:17:5-42
MERGED from [com.google.android.gms:play-services-auth-base:9.6.0] AndroidManifest.xml:4:5-42
MERGED from [com.google.android.gms:play-services-base:9.6.0] AndroidManifest.xml:17:5-42
MERGED from [com.google.android.gms:play-services-basement:9.6.0] AndroidManifest.xml:17:5-42
MERGED from [com.android.support:support-v4:24.1.1] AndroidManifest.xml:21:5-23:54
MERGED from [com.google.android.gms:play-services-tasks:9.6.0] AndroidManifest.xml:3:5-42
MERGED from [com.google.android.gms:play-services-basement:9.6.0] AndroidManifest.xml:17:5-42
MERGED from [com.android.support:support-v4:24.1.1] AndroidManifest.xml:21:5-23:54
MERGED from [com.google.android.gms:play-services-basement:9.6.0] AndroidManifest.xml:17:5-42
MERGED from [com.android.support:support-v4:24.1.1] AndroidManifest.xml:21:5-23:54
MERGED from [com.google.android.gms:play-services-base:9.6.0] AndroidManifest.xml:17:5-42
MERGED from [com.google.android.gms:play-services-basement:9.6.0] AndroidManifest.xml:17:5-42
MERGED from [com.android.support:support-v4:24.1.1] AndroidManifest.xml:21:5-23:54
MERGED from [com.google.android.gms:play-services-tasks:9.6.0] AndroidManifest.xml:3:5-42
MERGED from [com.google.android.gms:play-services-basement:9.6.0] AndroidManifest.xml:17:5-42
MERGED from [com.android.support:support-v4:24.1.1] AndroidManifest.xml:21:5-23:54
MERGED from [com.google.android.gms:play-services-basement:9.6.0] AndroidManifest.xml:17:5-42
MERGED from [com.android.support:support-v4:24.1.1] AndroidManifest.xml:21:5-23:54
MERGED from [com.google.android.gms:play-services-auth-base:9.6.0] AndroidManifest.xml:4:5-42
MERGED from [com.google.android.gms:play-services-base:9.6.0] AndroidManifest.xml:17:5-42
MERGED from [com.google.android.gms:play-services-basement:9.6.0] AndroidManifest.xml:17:5-42
MERGED from [com.android.support:support-v4:24.1.1] AndroidManifest.xml:21:5-23:54
MERGED from [com.google.android.gms:play-services-tasks:9.6.0] AndroidManifest.xml:3:5-42
MERGED from [com.google.android.gms:play-services-basement:9.6.0] AndroidManifest.xml:17:5-42
MERGED from [com.android.support:support-v4:24.1.1] AndroidManifest.xml:21:5-23:54
MERGED from [com.google.android.gms:play-services-basement:9.6.0] AndroidManifest.xml:17:5-42
MERGED from [com.android.support:support-v4:24.1.1] AndroidManifest.xml:21:5-23:54
MERGED from [com.google.android.gms:play-services-base:9.6.0] AndroidManifest.xml:17:5-42
MERGED from [com.google.android.gms:play-services-basement:9.6.0] AndroidManifest.xml:17:5-42
MERGED from [com.android.support:support-v4:24.1.1] AndroidManifest.xml:21:5-23:54
MERGED from [com.google.android.gms:play-services-tasks:9.6.0] AndroidManifest.xml:3:5-42
MERGED from [com.google.android.gms:play-services-basement:9.6.0] AndroidManifest.xml:17:5-42
MERGED from [com.android.support:support-v4:24.1.1] AndroidManifest.xml:21:5-23:54
MERGED from [com.google.android.gms:play-services-cast-framework:9.6.0] AndroidManifest.xml:3:5-42
MERGED from [com.google.android.gms:play-services-base:9.6.0] AndroidManifest.xml:17:5-42
MERGED from [com.google.android.gms:play-services-basement:9.6.0] AndroidManifest.xml:17:5-42
MERGED from [com.android.support:support-v4:24.1.1] AndroidManifest.xml:21:5-23:54
MERGED from [com.google.android.gms:play-services-tasks:9.6.0] AndroidManifest.xml:3:5-42
MERGED from [com.google.android.gms:play-services-basement:9.6.0] AndroidManifest.xml:17:5-42
MERGED from [com.android.support:support-v4:24.1.1] AndroidManifest.xml:21:5-23:54
MERGED from [com.google.android.gms:play-services-cast:9.6.0] AndroidManifest.xml:17:5-42
MERGED from [com.google.android.gms:play-services-base:9.6.0] AndroidManifest.xml:17:5-42
MERGED from [com.google.android.gms:play-services-basement:9.6.0] AndroidManifest.xml:17:5-42
MERGED from [com.android.support:support-v4:24.1.1] AndroidManifest.xml:21:5-23:54
MERGED from [com.google.android.gms:play-services-tasks:9.6.0] AndroidManifest.xml:3:5-42
MERGED from [com.google.android.gms:play-services-basement:9.6.0] AndroidManifest.xml:17:5-42
MERGED from [com.android.support:support-v4:24.1.1] AndroidManifest.xml:21:5-23:54
MERGED from [com.google.android.gms:play-services-basement:9.6.0] AndroidManifest.xml:17:5-42
MERGED from [com.android.support:support-v4:24.1.1] AndroidManifest.xml:21:5-23:54
MERGED from [com.android.support:mediarouter-v7:24.0.0] AndroidManifest.xml:20:5-43
MERGED from [com.android.support:palette-v7:24.0.0] AndroidManifest.xml:20:5-43
MERGED from [com.android.support:support-v4:24.1.1] AndroidManifest.xml:21:5-23:54
MERGED from [com.android.support:appcompat-v7:24.1.1] AndroidManifest.xml:21:5-23:78
MERGED from [com.android.support:animated-vector-drawable:24.1.1] AndroidManifest.xml:20:5-44
MERGED from [com.android.support:support-vector-drawable:24.1.1] AndroidManifest.xml:21:5-43
MERGED from [com.android.support:support-v4:24.1.1] AndroidManifest.xml:21:5-23:54
MERGED from [com.android.support:support-v4:24.1.1] AndroidManifest.xml:21:5-23:54
MERGED from [com.android.support:support-vector-drawable:24.1.1] AndroidManifest.xml:21:5-43
MERGED from [com.android.support:support-v4:24.1.1] AndroidManifest.xml:21:5-23:54
MERGED from [com.google.android.gms:play-services-basement:9.6.0] AndroidManifest.xml:17:5-42
MERGED from [com.android.support:support-v4:24.1.1] AndroidManifest.xml:21:5-23:54
MERGED from [com.google.android.gms:play-services-cast:9.6.0] AndroidManifest.xml:17:5-42
MERGED from [com.google.android.gms:play-services-base:9.6.0] AndroidManifest.xml:17:5-42
MERGED from [com.google.android.gms:play-services-basement:9.6.0] AndroidManifest.xml:17:5-42
MERGED from [com.android.support:support-v4:24.1.1] AndroidManifest.xml:21:5-23:54
MERGED from [com.google.android.gms:play-services-tasks:9.6.0] AndroidManifest.xml:3:5-42
MERGED from [com.google.android.gms:play-services-basement:9.6.0] AndroidManifest.xml:17:5-42
MERGED from [com.android.support:support-v4:24.1.1] AndroidManifest.xml:21:5-23:54
MERGED from [com.google.android.gms:play-services-basement:9.6.0] AndroidManifest.xml:17:5-42
MERGED from [com.android.support:support-v4:24.1.1] AndroidManifest.xml:21:5-23:54
MERGED from [com.android.support:mediarouter-v7:24.0.0] AndroidManifest.xml:20:5-43
MERGED from [com.android.support:palette-v7:24.0.0] AndroidManifest.xml:20:5-43
MERGED from [com.android.support:support-v4:24.1.1] AndroidManifest.xml:21:5-23:54
MERGED from [com.android.support:appcompat-v7:24.1.1] AndroidManifest.xml:21:5-23:78
MERGED from [com.android.support:animated-vector-drawable:24.1.1] AndroidManifest.xml:20:5-44
MERGED from [com.android.support:support-vector-drawable:24.1.1] AndroidManifest.xml:21:5-43
MERGED from [com.android.support:support-v4:24.1.1] AndroidManifest.xml:21:5-23:54
MERGED from [com.android.support:support-v4:24.1.1] AndroidManifest.xml:21:5-23:54
MERGED from [com.android.support:support-vector-drawable:24.1.1] AndroidManifest.xml:21:5-43
MERGED from [com.android.support:support-v4:24.1.1] AndroidManifest.xml:21:5-23:54
MERGED from [com.google.android.gms:play-services-clearcut:9.6.0] AndroidManifest.xml:17:5-42
MERGED from [com.google.android.gms:play-services-base:9.6.0] AndroidManifest.xml:17:5-42
MERGED from [com.google.android.gms:play-services-basement:9.6.0] AndroidManifest.xml:17:5-42
MERGED from [com.android.support:support-v4:24.1.1] AndroidManifest.xml:21:5-23:54
MERGED from [com.google.android.gms:play-services-tasks:9.6.0] AndroidManifest.xml:3:5-42
MERGED from [com.google.android.gms:play-services-basement:9.6.0] AndroidManifest.xml:17:5-42
MERGED from [com.android.support:support-v4:24.1.1] AndroidManifest.xml:21:5-23:54
MERGED from [com.google.android.gms:play-services-basement:9.6.0] AndroidManifest.xml:17:5-42
MERGED from [com.android.support:support-v4:24.1.1] AndroidManifest.xml:21:5-23:54
MERGED from [com.google.android.gms:play-services-basement:9.6.0] AndroidManifest.xml:17:5-42
MERGED from [com.android.support:support-v4:24.1.1] AndroidManifest.xml:21:5-23:54
MERGED from [com.google.firebase:firebase-config:9.6.0] AndroidManifest.xml:17:5-42
MERGED from [com.google.android.gms:play-services-base:9.6.0] AndroidManifest.xml:17:5-42
MERGED from [com.google.android.gms:play-services-basement:9.6.0] AndroidManifest.xml:17:5-42
MERGED from [com.android.support:support-v4:24.1.1] AndroidManifest.xml:21:5-23:54
MERGED from [com.google.android.gms:play-services-tasks:9.6.0] AndroidManifest.xml:3:5-42
MERGED from [com.google.android.gms:play-services-basement:9.6.0] AndroidManifest.xml:17:5-42
MERGED from [com.android.support:support-v4:24.1.1] AndroidManifest.xml:21:5-23:54
MERGED from [com.google.android.gms:play-services-basement:9.6.0] AndroidManifest.xml:17:5-42
MERGED from [com.android.support:support-v4:24.1.1] AndroidManifest.xml:21:5-23:54
MERGED from [com.google.firebase:firebase-iid:9.6.0] AndroidManifest.xml:17:5-42
MERGED from [com.google.android.gms:play-services-basement:9.6.0] AndroidManifest.xml:17:5-42
MERGED from [com.android.support:support-v4:24.1.1] AndroidManifest.xml:21:5-23:54
MERGED from [com.google.firebase:firebase-common:9.6.0] AndroidManifest.xml:3:5-42
MERGED from [com.google.android.gms:play-services-basement:9.6.0] AndroidManifest.xml:17:5-42
MERGED from [com.android.support:support-v4:24.1.1] AndroidManifest.xml:21:5-23:54
MERGED from [com.google.android.gms:play-services-tasks:9.6.0] AndroidManifest.xml:3:5-42
MERGED from [com.google.android.gms:play-services-basement:9.6.0] AndroidManifest.xml:17:5-42
MERGED from [com.android.support:support-v4:24.1.1] AndroidManifest.xml:21:5-23:54
MERGED from [com.google.firebase:firebase-common:9.6.0] AndroidManifest.xml:3:5-42
MERGED from [com.google.android.gms:play-services-basement:9.6.0] AndroidManifest.xml:17:5-42
MERGED from [com.android.support:support-v4:24.1.1] AndroidManifest.xml:21:5-23:54
MERGED from [com.google.android.gms:play-services-tasks:9.6.0] AndroidManifest.xml:3:5-42
MERGED from [com.google.android.gms:play-services-basement:9.6.0] AndroidManifest.xml:17:5-42
MERGED from [com.android.support:support-v4:24.1.1] AndroidManifest.xml:21:5-23:54
MERGED from [com.google.android.gms:play-services-tasks:9.6.0] AndroidManifest.xml:3:5-42
MERGED from [com.google.android.gms:play-services-basement:9.6.0] AndroidManifest.xml:17:5-42
MERGED from [com.android.support:support-v4:24.1.1] AndroidManifest.xml:21:5-23:54
MERGED from [com.google.android.gms:play-services-awareness:9.6.0] AndroidManifest.xml:17:5-42
MERGED from [com.google.android.gms:play-services-base:9.6.0] AndroidManifest.xml:17:5-42
MERGED from [com.google.android.gms:play-services-basement:9.6.0] AndroidManifest.xml:17:5-42
MERGED from [com.android.support:support-v4:24.1.1] AndroidManifest.xml:21:5-23:54